<?xml version="1.0" encoding="UTF-8"?>
<testsuite xmlns:xsi="http://www.w3.org/2001/XMLSchema-instance" xsi:noNamespaceSchemaLocation="https://maven.apache.org/surefire/maven-surefire-plugin/xsd/surefire-test-report.xsd" name="com.neo.mapper.UserMapperTest" time="1.064" tests="3" errors="3" skipped="0" failures="0">
  <properties>
[...]
</properties>
  <testcase name="testQuery" classname="com.neo.mapper.UserMapperTest" time="1.032">
    <error message="&#10;### Error querying database.  Cause: com.mysql.jdbc.exceptions.jdbc4.MySQLSyntaxErrorException: Table &apos;classtool.users&apos; doesn&apos;t exist&#10;### The error may exist in com/neo/mapper/UserMapper.java (best guess)&#10;### The error may involve defaultParameterMap&#10;### The error occurred while setting parameters&#10;### SQL: SELECT * FROM users&#10;### Cause: com.mysql.jdbc.exceptions.jdbc4.MySQLSyntaxErrorException: Table &apos;classtool.users&apos; doesn&apos;t exist&#10;; bad SQL grammar []; nested exception is com.mysql.jdbc.exceptions.jdbc4.MySQLSyntaxErrorException: Table &apos;classtool.users&apos; doesn&apos;t exist" type="org.springframework.jdbc.BadSqlGrammarException">org.springframework.jdbc.BadSqlGrammarException: 

### Error querying database.  Cause: com.mysql.jdbc.exceptions.jdbc4.MySQLSyntaxErrorException: Table 'classtool.users' doesn't exist
### The error may exist in com/neo/mapper/UserMapper.java (best guess)
### The error may involve defaultParameterMap
### The error occurred while setting parameters
### SQL: SELECT * FROM users
### Cause: com.mysql.jdbc.exceptions.jdbc4.MySQLSyntaxErrorException: Table 'classtool.users' doesn't exist
; bad SQL grammar []; nested exception is com.mysql.jdbc.exceptions.jdbc4.MySQLSyntaxErrorException: Table 'classtool.users' doesn't exist
	at com.neo.mapper.UserMapperTest.testQuery(UserMapperTest.java:31)
Caused by: com.mysql.jdbc.exceptions.jdbc4.MySQLSyntaxErrorException: Table 'classtool.users' doesn't exist
	at com.neo.mapper.UserMapperTest.testQuery(UserMapperTest.java:31)
</error>
    <system-out><![CDATA[2018-06-13 14:04:24.235  INFO 11164 --- [           main] .b.t.c.SpringBootTestContextBootstrapper : Neither @ContextConfiguration nor @ContextHierarchy found for test class [com.neo.mapper.UserMapperTest], using SpringBootContextLoader
2018-06-13 14:04:24.238  INFO 11164 --- [           main] o.s.t.c.support.AbstractContextLoader    : Could not detect default resource locations for test class [com.neo.mapper.UserMapperTest]: no resource found for suffixes {-context.xml, Context.groovy}.
2018-06-13 14:04:24.238  INFO 11164 --- [           main] t.c.s.AnnotationConfigContextLoaderUtils : Could not detect default configuration classes for test class [com.neo.mapper.UserMapperTest]: UserMapperTest does not declare any static, non-private, non-final, nested classes annotated with @Configuration.
2018-06-13 14:04:24.290  INFO 11164 --- [           main] .b.t.c.SpringBootTestContextBootstrapper : Found @SpringBootConfiguration com.neo.Application for test class com.neo.mapper.UserMapperTest
2018-06-13 14:04:24.293  INFO 11164 --- [           main] .b.t.c.SpringBootTestContextBootstrapper : Loaded default TestExecutionListener class names from location [META-INF/spring.factories]: [org.springframework.boot.test.mock.mockito.MockitoTestExecutionListener, org.springframework.boot.test.mock.mockito.ResetMocksTestExecutionListener, org.springframework.boot.test.autoconfigure.restdocs.RestDocsTestExecutionListener, org.springframework.boot.test.autoconfigure.web.client.MockRestServiceServerResetTestExecutionListener, org.springframework.boot.test.autoconfigure.web.servlet.MockMvcPrintOnlyOnFailureTestExecutionListener, org.springframework.boot.test.autoconfigure.web.servlet.WebDriverTestExecutionListener, org.springframework.test.context.web.ServletTestExecutionListener, org.springframework.test.context.support.DirtiesContextBeforeModesTestExecutionListener, org.springframework.test.context.support.DependencyInjectionTestExecutionListener, org.springframework.test.context.support.DirtiesContextTestExecutionListener, org.springframework.test.context.transaction.TransactionalTestExecutionListener, org.springframework.test.context.jdbc.SqlScriptsTestExecutionListener]
2018-06-13 14:04:24.293  INFO 11164 --- [           main] .b.t.c.SpringBootTestContextBootstrapper : Using TestExecutionListeners: [org.springframework.test.context.web.ServletTestExecutionListener@26b95b0b, org.springframework.test.context.support.DirtiesContextBeforeModesTestExecutionListener@5f7da3d3, org.springframework.boot.test.mock.mockito.MockitoTestExecutionListener@103082dd, org.springframework.boot.test.autoconfigure.SpringBootDependencyInjectionTestExecutionListener@3a22bad6, org.springframework.test.context.support.DirtiesContextTestExecutionListener@56afdf9a, org.springframework.test.context.transaction.TransactionalTestExecutionListener@64fe9da7, org.springframework.test.context.jdbc.SqlScriptsTestExecutionListener@70cccd8f, org.springframework.boot.test.mock.mockito.ResetMocksTestExecutionListener@5f172d4a, org.springframework.boot.test.autoconfigure.restdocs.RestDocsTestExecutionListener@77ec6a3d, org.springframework.boot.test.autoconfigure.web.client.MockRestServiceServerResetTestExecutionListener@67efd2c2, org.springframework.boot.test.autoconfigure.web.servlet.MockMvcPrintOnlyOnFailureTestExecutionListener@71d9cb05, org.springframework.boot.test.autoconfigure.web.servlet.WebDriverTestExecutionListener@17c2d509]
2018-06-13 14:04:24.438  INFO 11164 --- [           main] com.zaxxer.hikari.HikariDataSource       : HikariPool-1 - Starting...
2018-06-13 14:04:25.069  INFO 11164 --- [           main] com.zaxxer.hikari.HikariDataSource       : HikariPool-1 - Start completed.
2018-06-13 14:04:25.084 DEBUG 11164 --- [           main] com.neo.mapper.UserMapper.getAll         : ==>  Preparing: SELECT * FROM users 
2018-06-13 14:04:25.134 DEBUG 11164 --- [           main] com.neo.mapper.UserMapper.getAll         : ==> Parameters: 
2018-06-13 14:04:25.189  INFO 11164 --- [           main] o.s.b.f.xml.XmlBeanDefinitionReader      : Loading XML bean definitions from class path resource [org/springframework/jdbc/support/sql-error-codes.xml]
2018-06-13 14:04:25.409  INFO 11164 --- [           main] o.s.jdbc.support.SQLErrorCodesFactory    : SQLErrorCodes loaded: [DB2, Derby, H2, HDB, HSQL, Informix, MS-SQL, MySQL, Oracle, PostgreSQL, Sybase]
]]></system-out>
    <system-err><![CDATA[Wed Jun 13 14:04:24 CST 2018 WARN: Establishing SSL connection without server's identity verification is not recommended. According to MySQL 5.5.45+, 5.6.26+ and 5.7.6+ requirements SSL connection must be established by default if explicit option isn't set. For compliance with existing applications not using SSL the verifyServerCertificate property is set to 'false'. You need either to explicitly disable SSL by setting useSSL=false, or set useSSL=true and provide truststore for server certificate verification.
Wed Jun 13 14:04:25 CST 2018 WARN: Establishing SSL connection without server's identity verification is not recommended. According to MySQL 5.5.45+, 5.6.26+ and 5.7.6+ requirements SSL connection must be established by default if explicit option isn't set. For compliance with existing applications not using SSL the verifyServerCertificate property is set to 'false'. You need either to explicitly disable SSL by setting useSSL=false, or set useSSL=true and provide truststore for server certificate verification.
Wed Jun 13 14:04:25 CST 2018 WARN: Establishing SSL connection without server's identity verification is not recommended. According to MySQL 5.5.45+, 5.6.26+ and 5.7.6+ requirements SSL connection must be established by default if explicit option isn't set. For compliance with existing applications not using SSL the verifyServerCertificate property is set to 'false'. You need either to explicitly disable SSL by setting useSSL=false, or set useSSL=true and provide truststore for server certificate verification.
Wed Jun 13 14:04:25 CST 2018 WARN: Establishing SSL connection without server's identity verification is not recommended. According to MySQL 5.5.45+, 5.6.26+ and 5.7.6+ requirements SSL connection must be established by default if explicit option isn't set. For compliance with existing applications not using SSL the verifyServerCertificate property is set to 'false'. You need either to explicitly disable SSL by setting useSSL=false, or set useSSL=true and provide truststore for server certificate verification.
Wed Jun 13 14:04:25 CST 2018 WARN: Establishing SSL connection without server's identity verification is not recommended. According to MySQL 5.5.45+, 5.6.26+ and 5.7.6+ requirements SSL connection must be established by default if explicit option isn't set. For compliance with existing applications not using SSL the verifyServerCertificate property is set to 'false'. You need either to explicitly disable SSL by setting useSSL=false, or set useSSL=true and provide truststore for server certificate verification.
Wed Jun 13 14:04:25 CST 2018 WARN: Establishing SSL connection without server's identity verification is not recommended. According to MySQL 5.5.45+, 5.6.26+ and 5.7.6+ requirements SSL connection must be established by default if explicit option isn't set. For compliance with existing applications not using SSL the verifyServerCertificate property is set to 'false'. You need either to explicitly disable SSL by setting useSSL=false, or set useSSL=true and provide truststore for server certificate verification.
Wed Jun 13 14:04:25 CST 2018 WARN: Establishing SSL connection without server's identity verification is not recommended. According to MySQL 5.5.45+, 5.6.26+ and 5.7.6+ requirements SSL connection must be established by default if explicit option isn't set. For compliance with existing applications not using SSL the verifyServerCertificate property is set to 'false'. You need either to explicitly disable SSL by setting useSSL=false, or set useSSL=true and provide truststore for server certificate verification.
Wed Jun 13 14:04:25 CST 2018 WARN: Establishing SSL connection without server's identity verification is not recommended. According to MySQL 5.5.45+, 5.6.26+ and 5.7.6+ requirements SSL connection must be established by default if explicit option isn't set. For compliance with existing applications not using SSL the verifyServerCertificate property is set to 'false'. You need either to explicitly disable SSL by setting useSSL=false, or set useSSL=true and provide truststore for server certificate verification.
Wed Jun 13 14:04:25 CST 2018 WARN: Establishing SSL connection without server's identity verification is not recommended. According to MySQL 5.5.45+, 5.6.26+ and 5.7.6+ requirements SSL connection must be established by default if explicit option isn't set. For compliance with existing applications not using SSL the verifyServerCertificate property is set to 'false'. You need either to explicitly disable SSL by setting useSSL=false, or set useSSL=true and provide truststore for server certificate verification.
Wed Jun 13 14:04:25 CST 2018 WARN: Establishing SSL connection without server's identity verification is not recommended. According to MySQL 5.5.45+, 5.6.26+ and 5.7.6+ requirements SSL connection must be established by default if explicit option isn't set. For compliance with existing applications not using SSL the verifyServerCertificate property is set to 'false'. You need either to explicitly disable SSL by setting useSSL=false, or set useSSL=true and provide truststore for server certificate verification.
]]></system-err>
  </testcase>
  <testcase name="testInsert" classname="com.neo.mapper.UserMapperTest" time="0.022">
    <error message="&#10;### Error querying database.  Cause: com.mysql.jdbc.exceptions.jdbc4.MySQLSyntaxErrorException: Table &apos;classtool.users&apos; doesn&apos;t exist&#10;### The error may exist in com/neo/mapper/UserMapper.java (best guess)&#10;### The error may involve defaultParameterMap&#10;### The error occurred while setting parameters&#10;### SQL: SELECT * FROM users&#10;### Cause: com.mysql.jdbc.exceptions.jdbc4.MySQLSyntaxErrorException: Table &apos;classtool.users&apos; doesn&apos;t exist&#10;; bad SQL grammar []; nested exception is com.mysql.jdbc.exceptions.jdbc4.MySQLSyntaxErrorException: Table &apos;classtool.users&apos; doesn&apos;t exist" type="org.springframework.jdbc.BadSqlGrammarException">org.springframework.jdbc.BadSqlGrammarException: 

### Error querying database.  Cause: com.mysql.jdbc.exceptions.jdbc4.MySQLSyntaxErrorException: Table 'classtool.users' doesn't exist
### The error may exist in com/neo/mapper/UserMapper.java (best guess)
### The error may involve defaultParameterMap
### The error occurred while setting parameters
### SQL: SELECT * FROM users
### Cause: com.mysql.jdbc.exceptions.jdbc4.MySQLSyntaxErrorException: Table 'classtool.users' doesn't exist
; bad SQL grammar []; nested exception is com.mysql.jdbc.exceptions.jdbc4.MySQLSyntaxErrorException: Table 'classtool.users' doesn't exist
	at com.neo.mapper.UserMapperTest.testInsert(UserMapperTest.java:26)
Caused by: com.mysql.jdbc.exceptions.jdbc4.MySQLSyntaxErrorException: Table 'classtool.users' doesn't exist
	at com.neo.mapper.UserMapperTest.testInsert(UserMapperTest.java:26)
</error>
    <system-out><![CDATA[2018-06-13 14:04:25.438 DEBUG 11164 --- [           main] com.neo.mapper.UserMapper.insert         : ==>  Preparing: insert into user (id, mobile, age, sex, user_name, pass_word, nick_name, identify_status,create_time,user_type) values (?, ?, ?, ?, ?, ?, ?, ?,?,?) 
2018-06-13 14:04:25.441 DEBUG 11164 --- [           main] com.neo.mapper.UserMapper.insert         : ==> Parameters: null, null, null, null, null, null, null, null, null, null
2018-06-13 14:04:25.454 DEBUG 11164 --- [           main] com.neo.mapper.UserMapper.insert         : <==    Updates: 1
2018-06-13 14:04:25.455 DEBUG 11164 --- [           main] com.neo.mapper.UserMapper.getAll         : ==>  Preparing: SELECT * FROM users 
2018-06-13 14:04:25.455 DEBUG 11164 --- [           main] com.neo.mapper.UserMapper.getAll         : ==> Parameters: 
]]></system-out>
  </testcase>
  <testcase name="testUpdate" classname="com.neo.mapper.UserMapperTest" time="0.008">
    <error message="&#10;### Error querying database.  Cause: com.mysql.jdbc.exceptions.jdbc4.MySQLSyntaxErrorException: Table &apos;classtool.users&apos; doesn&apos;t exist&#10;### The error may exist in com/neo/mapper/UserMapper.java (best guess)&#10;### The error may involve com.neo.mapper.UserMapper.getOne-Inline&#10;### The error occurred while setting parameters&#10;### SQL: SELECT * FROM users WHERE id = ?&#10;### Cause: com.mysql.jdbc.exceptions.jdbc4.MySQLSyntaxErrorException: Table &apos;classtool.users&apos; doesn&apos;t exist&#10;; bad SQL grammar []; nested exception is com.mysql.jdbc.exceptions.jdbc4.MySQLSyntaxErrorException: Table &apos;classtool.users&apos; doesn&apos;t exist" type="org.springframework.jdbc.BadSqlGrammarException">org.springframework.jdbc.BadSqlGrammarException: 

### Error querying database.  Cause: com.mysql.jdbc.exceptions.jdbc4.MySQLSyntaxErrorException: Table 'classtool.users' doesn't exist
### The error may exist in com/neo/mapper/UserMapper.java (best guess)
### The error may involve com.neo.mapper.UserMapper.getOne-Inline
### The error occurred while setting parameters
### SQL: SELECT * FROM users WHERE id = ?
### Cause: com.mysql.jdbc.exceptions.jdbc4.MySQLSyntaxErrorException: Table 'classtool.users' doesn't exist
; bad SQL grammar []; nested exception is com.mysql.jdbc.exceptions.jdbc4.MySQLSyntaxErrorException: Table 'classtool.users' doesn't exist
	at com.neo.mapper.UserMapperTest.testUpdate(UserMapperTest.java:38)
Caused by: com.mysql.jdbc.exceptions.jdbc4.MySQLSyntaxErrorException: Table 'classtool.users' doesn't exist
	at com.neo.mapper.UserMapperTest.testUpdate(UserMapperTest.java:38)
</error>
    <system-out><![CDATA[2018-06-13 14:04:25.463 DEBUG 11164 --- [           main] com.neo.mapper.UserMapper.getOne         : ==>  Preparing: SELECT * FROM users WHERE id = ? 
2018-06-13 14:04:25.464 DEBUG 11164 --- [           main] com.neo.mapper.UserMapper.getOne         : ==> Parameters: 3(Long)
]]></system-out>
  </testcase>
</testsuite>