<?xml version="1.0" encoding="UTF-8"?>
<testsuite xmlns:xsi="http://www.w3.org/2001/XMLSchema-instance" xsi:noNamespaceSchemaLocation="https://maven.apache.org/surefire/maven-surefire-plugin/xsd/surefire-test-report.xsd" name="com.neo.produce.TestData" time="0.001" tests="1" errors="1" skipped="0" failures="0">
  <properties>
[...]
</properties>
  <testcase name="createHouse1Data" classname="com.neo.produce.TestData" time="0">
    <error message="&#10;### Error querying database.  Cause: com.mysql.jdbc.exceptions.jdbc4.MySQLSyntaxErrorException: Table &apos;classtool.config_house&apos; doesn&apos;t exist&#10;### The error may exist in com/neo/mapper/ConfigHouseMapper.java (best guess)&#10;### The error may involve defaultParameterMap&#10;### The error occurred while setting parameters&#10;### SQL: SELECT * FROM config_house&#10;### Cause: com.mysql.jdbc.exceptions.jdbc4.MySQLSyntaxErrorException: Table &apos;classtool.config_house&apos; doesn&apos;t exist&#10;; bad SQL grammar []; nested exception is com.mysql.jdbc.exceptions.jdbc4.MySQLSyntaxErrorException: Table &apos;classtool.config_house&apos; doesn&apos;t exist" type="org.springframework.jdbc.BadSqlGrammarException">org.springframework.jdbc.BadSqlGrammarException: 

### Error querying database.  Cause: com.mysql.jdbc.exceptions.jdbc4.MySQLSyntaxErrorException: Table 'classtool.config_house' doesn't exist
### The error may exist in com/neo/mapper/ConfigHouseMapper.java (best guess)
### The error may involve defaultParameterMap
### The error occurred while setting parameters
### SQL: SELECT * FROM config_house
### Cause: com.mysql.jdbc.exceptions.jdbc4.MySQLSyntaxErrorException: Table 'classtool.config_house' doesn't exist
; bad SQL grammar []; nested exception is com.mysql.jdbc.exceptions.jdbc4.MySQLSyntaxErrorException: Table 'classtool.config_house' doesn't exist
	at com.neo.produce.TestData.createHouse1Data(TestData.java:34)
Caused by: com.mysql.jdbc.exceptions.jdbc4.MySQLSyntaxErrorException: Table 'classtool.config_house' doesn't exist
	at com.neo.produce.TestData.createHouse1Data(TestData.java:34)
</error>
    <system-out><![CDATA[2018-06-13 14:04:25.474  INFO 11164 --- [           main] .b.t.c.SpringBootTestContextBootstrapper : Neither @ContextConfiguration nor @ContextHierarchy found for test class [com.neo.produce.TestData], using SpringBootContextLoader
2018-06-13 14:04:25.475  INFO 11164 --- [           main] o.s.t.c.support.AbstractContextLoader    : Could not detect default resource locations for test class [com.neo.produce.TestData]: no resource found for suffixes {-context.xml, Context.groovy}.
2018-06-13 14:04:25.475  INFO 11164 --- [           main] t.c.s.AnnotationConfigContextLoaderUtils : Could not detect default configuration classes for test class [com.neo.produce.TestData]: TestData does not declare any static, non-private, non-final, nested classes annotated with @Configuration.
2018-06-13 14:04:25.489  INFO 11164 --- [           main] .b.t.c.SpringBootTestContextBootstrapper : Found @SpringBootConfiguration com.neo.Application for test class com.neo.produce.TestData
2018-06-13 14:04:25.495  INFO 11164 --- [           main] .b.t.c.SpringBootTestContextBootstrapper : Loaded default TestExecutionListener class names from location [META-INF/spring.factories]: [org.springframework.boot.test.mock.mockito.MockitoTestExecutionListener, org.springframework.boot.test.mock.mockito.ResetMocksTestExecutionListener, org.springframework.boot.test.autoconfigure.restdocs.RestDocsTestExecutionListener, org.springframework.boot.test.autoconfigure.web.client.MockRestServiceServerResetTestExecutionListener, org.springframework.boot.test.autoconfigure.web.servlet.MockMvcPrintOnlyOnFailureTestExecutionListener, org.springframework.boot.test.autoconfigure.web.servlet.WebDriverTestExecutionListener, org.springframework.test.context.web.ServletTestExecutionListener, org.springframework.test.context.support.DirtiesContextBeforeModesTestExecutionListener, org.springframework.test.context.support.DependencyInjectionTestExecutionListener, org.springframework.test.context.support.DirtiesContextTestExecutionListener, org.springframework.test.context.transaction.TransactionalTestExecutionListener, org.springframework.test.context.jdbc.SqlScriptsTestExecutionListener]
2018-06-13 14:04:25.495  INFO 11164 --- [           main] .b.t.c.SpringBootTestContextBootstrapper : Using TestExecutionListeners: [org.springframework.test.context.web.ServletTestExecutionListener@ec8f4b9, org.springframework.test.context.support.DirtiesContextBeforeModesTestExecutionListener@bc042d5, org.springframework.boot.test.mock.mockito.MockitoTestExecutionListener@5484117b, org.springframework.boot.test.autoconfigure.SpringBootDependencyInjectionTestExecutionListener@37df14d1, org.springframework.test.context.support.DirtiesContextTestExecutionListener@7efb53af, org.springframework.test.context.transaction.TransactionalTestExecutionListener@7724704f, org.springframework.test.context.jdbc.SqlScriptsTestExecutionListener@3dfa819, org.springframework.boot.test.mock.mockito.ResetMocksTestExecutionListener@4ce94d2f, org.springframework.boot.test.autoconfigure.restdocs.RestDocsTestExecutionListener@68ab0936, org.springframework.boot.test.autoconfigure.web.client.MockRestServiceServerResetTestExecutionListener@3cd9aa64, org.springframework.boot.test.autoconfigure.web.servlet.MockMvcPrintOnlyOnFailureTestExecutionListener@42b84286, org.springframework.boot.test.autoconfigure.web.servlet.WebDriverTestExecutionListener@443effcb]
2018-06-13 14:04:25.514 DEBUG 11164 --- [           main] com.neo.mapper.ConfigHouseMapper.getAll  : ==>  Preparing: SELECT * FROM config_house 
2018-06-13 14:04:25.514 DEBUG 11164 --- [           main] com.neo.mapper.ConfigHouseMapper.getAll  : ==> Parameters: 
]]></system-out>
  </testcase>
</testsuite>